#
# There is insufficient memory for the Java Runtime Environment to continue.
# Native memory allocation (mmap) failed to map 134217728 bytes for Failed to commit area from 0x0000000081600000 to 0x0000000089600000 of length 134217728.
# Possible reasons:
#   The system is out of physical RAM or swap space
#   The process is running with CompressedOops enabled, and the Java Heap may be blocking the growth of the native heap
# Possible solutions:
#   Reduce memory load on the system
#   Increase physical memory or swap space
#   Check if swap backing store is full
#   Decrease Java heap size (-Xmx/-Xms)
#   Decrease number of Java threads
#   Decrease Java thread stack sizes (-Xss)
#   Set larger code cache with -XX:ReservedCodeCacheSize=
# This output file may be truncated or incomplete.
#
#  Out of Memory Error (t:/workspace/open/src/hotspot/os/windows/os_windows.cpp:3301), pid=6464, tid=15796
#
# JRE version:  (13.0.1+9) (build )
# Java VM: Java HotSpot(TM) 64-Bit Server VM (13.0.1+9, mixed mode, aot, sharing, tiered, compressed oops, g1 gc, windows-amd64)
# No core dump will be written. Minidumps are not enabled by default on client versions of Windows
#

---------------  S U M M A R Y ------------

Command Line: -javaagent:C:\Program Files\JetBrains\IntelliJ IDEA Community Edition 2019.2\lib\idea_rt.jar=57906:C:\Program Files\JetBrains\IntelliJ IDEA Community Edition 2019.2\bin -Dfile.encoding=UTF-8 ru.job4j.io.Analizy

Host: Intel(R) Core(TM) i5-8250U CPU @ 1.60GHz, 8 cores, 7G,  Windows 10 , 64 bit Build 18362 (10.0.18362.1082)
Time: Wed Sep 30 17:49:46 2020 RTZ 2 (ceia) elapsed time: 0 seconds (0d 0h 0m 0s)

---------------  T H R E A D  ---------------

Current thread (0x000002594b287000):  JavaThread "Unknown thread" [_thread_in_vm, id=15796, stack(0x000000cebfc00000,0x000000cebfd00000)]

Stack: [0x000000cebfc00000,0x000000cebfd00000]
Native frames: (J=compiled Java code, j=interpreted, Vv=VM code, C=native code)
V  [jvm.dll+0x626eca]
V  [jvm.dll+0x772c6a]
V  [jvm.dll+0x77441f]
V  [jvm.dll+0x774a23]
V  [jvm.dll+0x24da58]
V  [jvm.dll+0x62438a]
V  [jvm.dll+0x618f75]
V  [jvm.dll+0x30c61c]
V  [jvm.dll+0x30c452]
V  [jvm.dll+0x311bc6]
V  [jvm.dll+0x355ce6]
V  [jvm.dll+0x3554c0]
V  [jvm.dll+0x2e729a]
V  [jvm.dll+0x2e8532]
V  [jvm.dll+0x74fcd8]
V  [jvm.dll+0x363739]
V  [jvm.dll+0x732dc5]
V  [jvm.dll+0x3ce2ef]
V  [jvm.dll+0x3d0611]
C  [jli.dll+0x51ff]
C  [ucrtbase.dll+0x20e82]
C  [KERNEL32.DLL+0x17bd4]
C  [ntdll.dll+0x6ce51]


---------------  P R O C E S S  ---------------

Threads class SMR info:
_java_thread_list=0x00007ffd1cd146b8, length=0, elements={
}

Java Threads: ( => current thread )

Other Threads:
  0x00000259656f6000 GCTaskThread "GC Thread#0" [stack: 0x000000cebfd00000,0x000000cebfe00000] [id=2860]
  0x0000025965709000 ConcurrentGCThread "G1 Main Marker" [stack: 0x000000cebfe00000,0x000000cebff00000] [id=14920]
  0x000002596570c800 ConcurrentGCThread "G1 Conc#0" [stack: 0x000000cebff00000,0x000000cec0000000] [id=19828]

[error occurred during error reporting (printing all threads), id 0xc0000005, EXCEPTION_ACCESS_VIOLATION (0xc0000005) at pc=0x00007ffd1c546f67]

VM state:not at safepoint (not fully initialized)

VM Mutex/Monitor currently owned by a thread:  ([mutex/lock_event])
[0x000002594b27d3e0] Heap_lock - owner thread: 0x000002594b287000

Heap address: 0x0000000081600000, size: 2026 MB, Compressed Oops mode: Non-zero based: 0x0000000081600000
Narrow klass base: 0x0000000000000000, Narrow klass shift: 0

GC Heap History (0 events):
No events

Deoptimization events (0 events):
No events

Classes unloaded (0 events):
No events

Classes redefined (0 events):
No events

Internal exceptions (0 events):
No events

Events (8 events):
Event: 0.013 Loaded shared library C:\Program Files\Java\jdk-13.0.1\bin\zip.dll
Event: 0.013 Loaded shared library C:\Program Files\Java\jdk-13.0.1\bin\jimage.dll
Event: 0.014 Loading shared library C:\Program Files\Java\jdk-13.0.1\lib\libjava.base-coop.dll failed, error code 126
Event: 0.014 Loading shared library C:\Program Files\Java\jdk-13.0.1\lib\libjava.logging-coop.dll failed, error code 126
Event: 0.014 Loading shared library C:\Program Files\Java\jdk-13.0.1\lib\libjdk.compiler-coop.dll failed, error code 126
Event: 0.014 Loading shared library C:\Program Files\Java\jdk-13.0.1\lib\libjdk.scripting.nashorn-coop.dll failed, error code 126
Event: 0.014 Loading shared library C:\Program Files\Java\jdk-13.0.1\lib\libjdk.internal.vm.ci-coop.dll failed, error code 126
Event: 0.014 Loading shared library C:\Program Files\Java\jdk-13.0.1\lib\libjdk.internal.vm.compiler-coop.dll failed, error code 126


Dynamic libraries:
0x00007ff610390000 - 0x00007ff61039f000 	C:\Program Files\Java\jdk-13.0.1\bin\java.exe
0x00007ffd6e7c0000 - 0x00007ffd6e9b0000 	C:\WINDOWS\SYSTEM32\ntdll.dll
0x00007ffd6d070000 - 0x00007ffd6d122000 	C:\WINDOWS\System32\KERNEL32.DLL
0x00007ffd6ba30000 - 0x00007ffd6bcd5000 	C:\WINDOWS\System32\KERNELBASE.dll
0x00007ffd695c0000 - 0x00007ffd6964f000 	C:\WINDOWS\SYSTEM32\apphelp.dll
0x00007ffd3e5e0000 - 0x00007ffd3ea72000 	C:\WINDOWS\SYSTEM32\AcLayers.DLL
0x00007ffd6e600000 - 0x00007ffd6e69e000 	C:\WINDOWS\System32\msvcrt.dll
0x00007ffd6cd20000 - 0x00007ffd6ceb5000 	C:\WINDOWS\System32\USER32.dll
0x00007ffd6c840000 - 0x00007ffd6c861000 	C:\WINDOWS\System32\win32u.dll
0x00007ffd6e5d0000 - 0x00007ffd6e5f6000 	C:\WINDOWS\System32\GDI32.dll
0x00007ffd6b7f0000 - 0x00007ffd6b986000 	C:\WINDOWS\System32\gdi32full.dll
0x00007ffd6b990000 - 0x00007ffd6ba2e000 	C:\WINDOWS\System32\msvcp_win.dll
0x00007ffd6c740000 - 0x00007ffd6c83a000 	C:\WINDOWS\System32\ucrtbase.dll
0x00007ffd6db70000 - 0x00007ffd6dbc2000 	C:\WINDOWS\System32\SHLWAPI.dll
0x00007ffd6c870000 - 0x00007ffd6cba5000 	C:\WINDOWS\System32\combase.dll
0x00007ffd6d710000 - 0x00007ffd6d830000 	C:\WINDOWS\System32\RPCRT4.dll
0x00007ffd6c5b0000 - 0x00007ffd6c630000 	C:\WINDOWS\System32\bcryptPrimitives.dll
0x00007ffd6dc70000 - 0x00007ffd6dd13000 	C:\WINDOWS\System32\ADVAPI32.dll
0x00007ffd6dbd0000 - 0x00007ffd6dc67000 	C:\WINDOWS\System32\sechost.dll
0x0000025948cd0000 - 0x0000025948cd3000 	C:\WINDOWS\SYSTEM32\sfc.dll
0x00007ffd61770000 - 0x00007ffd617f9000 	C:\WINDOWS\SYSTEM32\WINSPOOL.DRV
0x00007ffd6b690000 - 0x00007ffd6b6a1000 	C:\WINDOWS\System32\kernel.appcore.dll
0x00007ffd6b7c0000 - 0x00007ffd6b7e6000 	C:\WINDOWS\System32\bcrypt.dll
0x00007ffd67ab0000 - 0x00007ffd67ba0000 	C:\WINDOWS\SYSTEM32\PROPSYS.dll
0x00007ffd6d9d0000 - 0x00007ffd6da95000 	C:\WINDOWS\System32\OLEAUT32.dll
0x00007ffd6d5e0000 - 0x00007ffd6d689000 	C:\WINDOWS\System32\shcore.dll
0x00007ffd6abe0000 - 0x00007ffd6ac1a000 	C:\WINDOWS\SYSTEM32\IPHLPAPI.DLL
0x00007ffd4cdb0000 - 0x00007ffd4cdc1000 	C:\WINDOWS\SYSTEM32\sfc_os.DLL
0x00007ffd67d00000 - 0x00007ffd67d16000 	C:\WINDOWS\SYSTEM32\SortWindows6Compat.dll
0x00007ffd6d130000 - 0x00007ffd6d15e000 	C:\WINDOWS\System32\IMM32.DLL
0x00007ffd675b0000 - 0x00007ffd675c8000 	C:\Program Files\Java\jdk-13.0.1\bin\jli.dll
0x00007ffd5c470000 - 0x00007ffd5c485000 	C:\Program Files\Java\jdk-13.0.1\bin\VCRUNTIME140.dll
0x00007ffd62340000 - 0x00007ffd6234a000 	C:\WINDOWS\SYSTEM32\VERSION.dll
0x00007ffd5b3a0000 - 0x00007ffd5b624000 	C:\WINDOWS\WinSxS\amd64_microsoft.windows.common-controls_6595b64144ccf1df_6.0.18362.1082_none_9e8193e1e45b25c1\COMCTL32.dll
0x00007ffd5a320000 - 0x00007ffd5a3bb000 	C:\Program Files\Java\jdk-13.0.1\bin\msvcp140.dll
0x00007ffd1c250000 - 0x00007ffd1cdb6000 	C:\Program Files\Java\jdk-13.0.1\bin\server\jvm.dll
0x00007ffd6cd10000 - 0x00007ffd6cd18000 	C:\WINDOWS\System32\PSAPI.DLL
0x00007ffd68010000 - 0x00007ffd68019000 	C:\WINDOWS\SYSTEM32\WSOCK32.dll
0x00007ffd67fc0000 - 0x00007ffd67fe4000 	C:\WINDOWS\SYSTEM32\WINMM.dll
0x00007ffd6d690000 - 0x00007ffd6d6ff000 	C:\WINDOWS\System32\WS2_32.dll
0x00007ffd67f90000 - 0x00007ffd67fbd000 	C:\WINDOWS\SYSTEM32\WINMMBASE.dll
0x00007ffd6b770000 - 0x00007ffd6b7ba000 	C:\WINDOWS\System32\cfgmgr32.dll
0x00007ffd66980000 - 0x00007ffd66990000 	C:\Program Files\Java\jdk-13.0.1\bin\verify.dll
0x00007ffd6a060000 - 0x00007ffd6a254000 	C:\WINDOWS\SYSTEM32\DBGHELP.DLL
0x00007ffd553f0000 - 0x00007ffd5541a000 	C:\WINDOWS\SYSTEM32\dbgcore.DLL
0x00007ffd5a2f0000 - 0x00007ffd5a316000 	C:\Program Files\Java\jdk-13.0.1\bin\java.dll
0x00007ffd64660000 - 0x00007ffd6466e000 	C:\Program Files\Java\jdk-13.0.1\bin\instrument.dll
0x00007ffd5a2d0000 - 0x00007ffd5a2e7000 	C:\Program Files\Java\jdk-13.0.1\bin\zip.dll
0x00007ffd663f0000 - 0x00007ffd663fa000 	C:\Program Files\Java\jdk-13.0.1\bin\jimage.dll

dbghelp: loaded successfully - version: 4.0.5 - missing functions: none
symbol engine: initialized successfully - sym options: 0x614 - pdb path: .;C:\Program Files\Java\jdk-13.0.1\bin;C:\WINDOWS\SYSTEM32;C:\WINDOWS\WinSxS\amd64_microsoft.windows.common-controls_6595b64144ccf1df_6.0.18362.1082_none_9e8193e1e45b25c1;C:\Program Files\Java\jdk-13.0.1\bin\server

VM Arguments:
jvm_args: -javaagent:C:\Program Files\JetBrains\IntelliJ IDEA Community Edition 2019.2\lib\idea_rt.jar=57906:C:\Program Files\JetBrains\IntelliJ IDEA Community Edition 2019.2\bin -Dfile.encoding=UTF-8 
java_command: ru.job4j.io.Analizy
java_class_path (initial): C:\projects\job4j_design\chapter_002\target\classes
Launcher Type: SUN_STANDARD

[Global flags]
     intx CICompilerCount                          = 4                                         {product} {ergonomic}
     uint ConcGCThreads                            = 2                                         {product} {ergonomic}
     uint G1ConcRefinementThreads                  = 8                                         {product} {ergonomic}
   size_t G1HeapRegionSize                         = 1048576                                   {product} {ergonomic}
    uintx GCDrainStackTargetSize                   = 64                                        {product} {ergonomic}
   size_t InitialHeapSize                          = 134217728                                 {product} {ergonomic}
   size_t MarkStackSize                            = 4194304                                   {product} {ergonomic}
   size_t MaxHeapSize                              = 2124414976                                {product} {ergonomic}
   size_t MinHeapDeltaBytes                        = 1048576                                   {product} {ergonomic}
   size_t MinHeapSize                              = 8388608                                   {product} {ergonomic}
    uintx NonNMethodCodeHeapSize                   = 5836300                                {pd product} {ergonomic}
    uintx NonProfiledCodeHeapSize                  = 122910970                              {pd product} {ergonomic}
    uintx ProfiledCodeHeapSize                     = 122910970                              {pd product} {ergonomic}
    uintx ReservedCodeCacheSize                    = 251658240                              {pd product} {ergonomic}
     bool SegmentedCodeCache                       = true                                      {product} {ergonomic}
   size_t SoftMaxHeapSize                          = 2124414976                             {manageable} {ergonomic}
     bool UseCompressedClassPointers               = true                                 {lp64_product} {ergonomic}
     bool UseCompressedOops                        = true                                 {lp64_product} {ergonomic}
     bool UseG1GC                                  = true                                      {product} {ergonomic}
     bool UseLargePagesIndividualAllocation        = false                                  {pd product} {ergonomic}

Logging:
Log output configuration:
 #0: stdout all=warning uptime,level,tags
 #1: stderr all=off uptime,level,tags

Environment Variables:
JAVA_HOME=c:\Program Files\Java\jdk-13.0.1
CLASSPATH=.;
PATH=C:\WINDOWS\system32;C:\WINDOWS;C:\WINDOWS\System32\Wbem;C:\WINDOWS\System32\WindowsPowerShell\v1.0\;C:\WINDOWS\System32\OpenSSH\;C:\Program Files\Git\cmd;c:\Program Files\Java\jdk-13.0.1\bin;c:\Tools\apache-maven-3.6.1\bin;C:\Users\Екатерина\AppData\Local\Programs\Microsoft VS Code\bin;C:\Users\Екатерина\AppData\Local\Microsoft\WindowsApps;C:\Users\Екатерина\AppData\Local\Keybase\;C:\Users\Екатерина\AppData\Local\GitHubDesktop\bin
USERNAME=Екатерина
OS=Windows_NT
PROCESSOR_IDENTIFIER=Intel64 Family 6 Model 142 Stepping 10, GenuineIntel



---------------  S Y S T E M  ---------------

OS: Windows 10 , 64 bit Build 18362 (10.0.18362.1082)

CPU:total 8 (initial active 8) (4 cores per cpu, 2 threads per core) family 6 model 142 stepping 10, cmov, cx8, fxsr, mmx, sse, sse2, sse3, ssse3, sse4.1, sse4.2, popcnt, avx, avx2, aes, clmul, erms, 3dnowpref, lzcnt, ht, tsc, tscinvbit, bmi1, bmi2, adx, fma

Memory: 4k page, system-wide physical 8101M (586M free)
TotalPageFile size 32677M (AvailPageFile size 5M)
current process WorkingSet (physical memory assigned to process): 15M, peak: 15M
current process commit charge ("private bytes"): 66M, peak: 193M

vm_info: Java HotSpot(TM) 64-Bit Server VM (13.0.1+9) for windows-amd64 JRE (13.0.1+9), built on Oct  6 2019 12:37:49 by "mach5one" with unknown MS VC++:1916

END.
