#
# There is insufficient memory for the Java Runtime Environment to continue.
# Native memory allocation (mmap) failed to map 134217728 bytes for Failed to commit area from 0x0000000081600000 to 0x0000000089600000 of length 134217728.
# Possible reasons:
#   The system is out of physical RAM or swap space
#   The process is running with CompressedOops enabled, and the Java Heap may be blocking the growth of the native heap
# Possible solutions:
#   Reduce memory load on the system
#   Increase physical memory or swap space
#   Check if swap backing store is full
#   Decrease Java heap size (-Xmx/-Xms)
#   Decrease number of Java threads
#   Decrease Java thread stack sizes (-Xss)
#   Set larger code cache with -XX:ReservedCodeCacheSize=
# This output file may be truncated or incomplete.
#
#  Out of Memory Error (t:/workspace/open/src/hotspot/os/windows/os_windows.cpp:3301), pid=19324, tid=17092
#
# JRE version:  (13.0.1+9) (build )
# Java VM: Java HotSpot(TM) 64-Bit Server VM (13.0.1+9, mixed mode, aot, sharing, tiered, compressed oops, g1 gc, windows-amd64)
# No core dump will be written. Minidumps are not enabled by default on client versions of Windows
#

---------------  S U M M A R Y ------------

Command Line: -javaagent:C:\Program Files\JetBrains\IntelliJ IDEA Community Edition 2019.2\lib\idea_rt.jar=54986:C:\Program Files\JetBrains\IntelliJ IDEA Community Edition 2019.2\bin -Dfile.encoding=UTF-8 ru.job4j.io.Search

Host: Intel(R) Core(TM) i5-8250U CPU @ 1.60GHz, 8 cores, 7G,  Windows 10 , 64 bit Build 18362 (10.0.18362.1082)
Time: Sun Oct  4 21:07:35 2020 RTZ 2 (ceia) elapsed time: 0 seconds (0d 0h 0m 0s)

---------------  T H R E A D  ---------------

Current thread (0x0000027336007000):  JavaThread "Unknown thread" [_thread_in_vm, id=17092, stack(0x000000fb78800000,0x000000fb78900000)]

Stack: [0x000000fb78800000,0x000000fb78900000]
Native frames: (J=compiled Java code, j=interpreted, Vv=VM code, C=native code)
V  [jvm.dll+0x626eca]
V  [jvm.dll+0x772c6a]
V  [jvm.dll+0x77441f]
V  [jvm.dll+0x774a23]
V  [jvm.dll+0x24da58]
V  [jvm.dll+0x62438a]
V  [jvm.dll+0x618f75]
V  [jvm.dll+0x30c61c]
V  [jvm.dll+0x30c452]
V  [jvm.dll+0x311bc6]
V  [jvm.dll+0x355ce6]
V  [jvm.dll+0x3554c0]
V  [jvm.dll+0x2e729a]
V  [jvm.dll+0x2e8532]
V  [jvm.dll+0x74fcd8]
V  [jvm.dll+0x363739]
V  [jvm.dll+0x732dc5]
V  [jvm.dll+0x3ce2ef]
V  [jvm.dll+0x3d0611]
C  [jli.dll+0x51ff]
C  [ucrtbase.dll+0x20e82]
C  [KERNEL32.DLL+0x17bd4]
C  [ntdll.dll+0x6ce51]


---------------  P R O C E S S  ---------------

Threads class SMR info:
_java_thread_list=0x00007ff9aea146b8, length=0, elements={
}

Java Threads: ( => current thread )

Other Threads:
  0x0000027350476000 GCTaskThread "GC Thread#0" [stack: 0x000000fb78900000,0x000000fb78a00000] [id=13796]
  0x000002735048a000 ConcurrentGCThread "G1 Main Marker" [stack: 0x000000fb78a00000,0x000000fb78b00000] [id=13052]
  0x000002735048d000 ConcurrentGCThread "G1 Conc#0" [stack: 0x000000fb78b00000,0x000000fb78c00000] [id=9460]

[error occurred during error reporting (printing all threads), id 0xc0000005, EXCEPTION_ACCESS_VIOLATION (0xc0000005) at pc=0x00007ff9ae246f67]

VM state:not at safepoint (not fully initialized)

VM Mutex/Monitor currently owned by a thread:  ([mutex/lock_event])
[0x0000027335ffdd40] Heap_lock - owner thread: 0x0000027336007000

Heap address: 0x0000000081600000, size: 2026 MB, Compressed Oops mode: Non-zero based: 0x0000000081600000
Narrow klass base: 0x0000000000000000, Narrow klass shift: 0

GC Heap History (0 events):
No events

Deoptimization events (0 events):
No events

Classes unloaded (0 events):
No events

Classes redefined (0 events):
No events

Internal exceptions (0 events):
No events

Events (8 events):
Event: 0.007 Loaded shared library C:\Program Files\Java\jdk-13.0.1\bin\zip.dll
Event: 0.008 Loaded shared library C:\Program Files\Java\jdk-13.0.1\bin\jimage.dll
Event: 0.009 Loading shared library C:\Program Files\Java\jdk-13.0.1\lib\libjava.base-coop.dll failed, error code 126
Event: 0.009 Loading shared library C:\Program Files\Java\jdk-13.0.1\lib\libjava.logging-coop.dll failed, error code 126
Event: 0.009 Loading shared library C:\Program Files\Java\jdk-13.0.1\lib\libjdk.compiler-coop.dll failed, error code 126
Event: 0.009 Loading shared library C:\Program Files\Java\jdk-13.0.1\lib\libjdk.scripting.nashorn-coop.dll failed, error code 126
Event: 0.009 Loading shared library C:\Program Files\Java\jdk-13.0.1\lib\libjdk.internal.vm.ci-coop.dll failed, error code 126
Event: 0.009 Loading shared library C:\Program Files\Java\jdk-13.0.1\lib\libjdk.internal.vm.compiler-coop.dll failed, error code 126


Dynamic libraries:
0x00007ff6babd0000 - 0x00007ff6babdf000 	C:\Program Files\Java\jdk-13.0.1\bin\java.exe
0x00007ffa01aa0000 - 0x00007ffa01c90000 	C:\WINDOWS\SYSTEM32\ntdll.dll
0x00007ffa00240000 - 0x00007ffa002f2000 	C:\WINDOWS\System32\KERNEL32.DLL
0x00007ff9ff690000 - 0x00007ff9ff935000 	C:\WINDOWS\System32\KERNELBASE.dll
0x00007ff9fc870000 - 0x00007ff9fc8ff000 	C:\WINDOWS\SYSTEM32\apphelp.dll
0x00007ff9c9ec0000 - 0x00007ff9ca352000 	C:\WINDOWS\SYSTEM32\AcLayers.DLL
0x00007ffa019c0000 - 0x00007ffa01a5e000 	C:\WINDOWS\System32\msvcrt.dll
0x00007ffa00650000 - 0x00007ffa007e5000 	C:\WINDOWS\System32\USER32.dll
0x00007ff9ff580000 - 0x00007ff9ff5a1000 	C:\WINDOWS\System32\win32u.dll
0x00007ff9ffed0000 - 0x00007ff9ffef6000 	C:\WINDOWS\System32\GDI32.dll
0x00007ff9ff3e0000 - 0x00007ff9ff576000 	C:\WINDOWS\System32\gdi32full.dll
0x00007ff9ff940000 - 0x00007ff9ff9de000 	C:\WINDOWS\System32\msvcp_win.dll
0x00007ff9feb10000 - 0x00007ff9fec0a000 	C:\WINDOWS\System32\ucrtbase.dll
0x00007ff9ffbd0000 - 0x00007ff9ffc22000 	C:\WINDOWS\System32\SHLWAPI.dll
0x00007ff9fff00000 - 0x00007ffa00235000 	C:\WINDOWS\System32\combase.dll
0x00007ff9ffd10000 - 0x00007ff9ffe30000 	C:\WINDOWS\System32\RPCRT4.dll
0x00007ff9fea30000 - 0x00007ff9feab0000 	C:\WINDOWS\System32\bcryptPrimitives.dll
0x00007ffa01910000 - 0x00007ffa019b3000 	C:\WINDOWS\System32\ADVAPI32.dll
0x00007ffa01580000 - 0x00007ffa01617000 	C:\WINDOWS\System32\sechost.dll
0x0000027333980000 - 0x0000027333983000 	C:\WINDOWS\SYSTEM32\sfc.dll
0x00007ff9f1180000 - 0x00007ff9f1209000 	C:\WINDOWS\SYSTEM32\WINSPOOL.DRV
0x00007ff9fe9c0000 - 0x00007ff9fe9d1000 	C:\WINDOWS\System32\kernel.appcore.dll
0x00007ff9ff660000 - 0x00007ff9ff686000 	C:\WINDOWS\System32\bcrypt.dll
0x00007ff9fad70000 - 0x00007ff9fae60000 	C:\WINDOWS\SYSTEM32\PROPSYS.dll
0x00007ff9ffc30000 - 0x00007ff9ffcf5000 	C:\WINDOWS\System32\OLEAUT32.dll
0x00007ffa00300000 - 0x00007ffa003a9000 	C:\WINDOWS\System32\shcore.dll
0x00007ff9fdec0000 - 0x00007ff9fdefa000 	C:\WINDOWS\SYSTEM32\IPHLPAPI.DLL
0x00007ff9db140000 - 0x00007ff9db151000 	C:\WINDOWS\SYSTEM32\sfc_os.DLL
0x00007ff9f7d00000 - 0x00007ff9f7d16000 	C:\WINDOWS\SYSTEM32\SortWindows6Compat.dll
0x00007ff9ffe30000 - 0x00007ff9ffe5e000 	C:\WINDOWS\System32\IMM32.DLL
0x00007ff9f8b30000 - 0x00007ff9f8b48000 	C:\Program Files\Java\jdk-13.0.1\bin\jli.dll
0x00007ff9f8900000 - 0x00007ff9f8915000 	C:\Program Files\Java\jdk-13.0.1\bin\VCRUNTIME140.dll
0x00007ff9ee8b0000 - 0x00007ff9eeb34000 	C:\WINDOWS\WinSxS\amd64_microsoft.windows.common-controls_6595b64144ccf1df_6.0.18362.1082_none_9e8193e1e45b25c1\COMCTL32.dll
0x00007ff9f36d0000 - 0x00007ff9f36da000 	C:\WINDOWS\SYSTEM32\VERSION.dll
0x00007ff9f1670000 - 0x00007ff9f170b000 	C:\Program Files\Java\jdk-13.0.1\bin\msvcp140.dll
0x00007ff9adf50000 - 0x00007ff9aeab6000 	C:\Program Files\Java\jdk-13.0.1\bin\server\jvm.dll
0x00007ffa017a0000 - 0x00007ffa017a8000 	C:\WINDOWS\System32\PSAPI.DLL
0x00007ff9fb2c0000 - 0x00007ff9fb2e4000 	C:\WINDOWS\SYSTEM32\WINMM.dll
0x00007ff9f7cf0000 - 0x00007ff9f7cf9000 	C:\WINDOWS\SYSTEM32\WSOCK32.dll
0x00007ffa003b0000 - 0x00007ffa0041f000 	C:\WINDOWS\System32\WS2_32.dll
0x00007ff9fb280000 - 0x00007ff9fb2ad000 	C:\WINDOWS\SYSTEM32\winmmbase.dll
0x00007ff9ff390000 - 0x00007ff9ff3da000 	C:\WINDOWS\System32\cfgmgr32.dll
0x00007ff9f88f0000 - 0x00007ff9f8900000 	C:\Program Files\Java\jdk-13.0.1\bin\verify.dll
0x00007ff9fd330000 - 0x00007ff9fd524000 	C:\WINDOWS\SYSTEM32\DBGHELP.DLL
0x00007ff9e8c20000 - 0x00007ff9e8c4a000 	C:\WINDOWS\SYSTEM32\dbgcore.DLL
0x00007ff9f7ae0000 - 0x00007ff9f7b06000 	C:\Program Files\Java\jdk-13.0.1\bin\java.dll
0x00007ff9fa2e0000 - 0x00007ff9fa2ee000 	C:\Program Files\Java\jdk-13.0.1\bin\instrument.dll
0x00007ff9f1650000 - 0x00007ff9f1667000 	C:\Program Files\Java\jdk-13.0.1\bin\zip.dll
0x00007ff9f88e0000 - 0x00007ff9f88ea000 	C:\Program Files\Java\jdk-13.0.1\bin\jimage.dll

dbghelp: loaded successfully - version: 4.0.5 - missing functions: none
symbol engine: initialized successfully - sym options: 0x614 - pdb path: .;C:\Program Files\Java\jdk-13.0.1\bin;C:\WINDOWS\SYSTEM32;C:\WINDOWS\WinSxS\amd64_microsoft.windows.common-controls_6595b64144ccf1df_6.0.18362.1082_none_9e8193e1e45b25c1;C:\Program Files\Java\jdk-13.0.1\bin\server

VM Arguments:
jvm_args: -javaagent:C:\Program Files\JetBrains\IntelliJ IDEA Community Edition 2019.2\lib\idea_rt.jar=54986:C:\Program Files\JetBrains\IntelliJ IDEA Community Edition 2019.2\bin -Dfile.encoding=UTF-8 
java_command: ru.job4j.io.Search
java_class_path (initial): C:\projects\job4j_design\chapter_002\target\classes
Launcher Type: SUN_STANDARD

[Global flags]
     intx CICompilerCount                          = 4                                         {product} {ergonomic}
     uint ConcGCThreads                            = 2                                         {product} {ergonomic}
     uint G1ConcRefinementThreads                  = 8                                         {product} {ergonomic}
   size_t G1HeapRegionSize                         = 1048576                                   {product} {ergonomic}
    uintx GCDrainStackTargetSize                   = 64                                        {product} {ergonomic}
   size_t InitialHeapSize                          = 134217728                                 {product} {ergonomic}
   size_t MarkStackSize                            = 4194304                                   {product} {ergonomic}
   size_t MaxHeapSize                              = 2124414976                                {product} {ergonomic}
   size_t MinHeapDeltaBytes                        = 1048576                                   {product} {ergonomic}
   size_t MinHeapSize                              = 8388608                                   {product} {ergonomic}
    uintx NonNMethodCodeHeapSize                   = 5836300                                {pd product} {ergonomic}
    uintx NonProfiledCodeHeapSize                  = 122910970                              {pd product} {ergonomic}
    uintx ProfiledCodeHeapSize                     = 122910970                              {pd product} {ergonomic}
    uintx ReservedCodeCacheSize                    = 251658240                              {pd product} {ergonomic}
     bool SegmentedCodeCache                       = true                                      {product} {ergonomic}
   size_t SoftMaxHeapSize                          = 2124414976                             {manageable} {ergonomic}
     bool UseCompressedClassPointers               = true                                 {lp64_product} {ergonomic}
     bool UseCompressedOops                        = true                                 {lp64_product} {ergonomic}
     bool UseG1GC                                  = true                                      {product} {ergonomic}
     bool UseLargePagesIndividualAllocation        = false                                  {pd product} {ergonomic}

Logging:
Log output configuration:
 #0: stdout all=warning uptime,level,tags
 #1: stderr all=off uptime,level,tags

Environment Variables:
JAVA_HOME=c:\Program Files\Java\jdk-13.0.1
CLASSPATH=.;
PATH=C:\WINDOWS\system32;C:\WINDOWS;C:\WINDOWS\System32\Wbem;C:\WINDOWS\System32\WindowsPowerShell\v1.0\;C:\WINDOWS\System32\OpenSSH\;C:\Program Files\Git\cmd;c:\Program Files\Java\jdk-13.0.1\bin;c:\Tools\apache-maven-3.6.1\bin;C:\Users\Екатерина\AppData\Local\Programs\Microsoft VS Code\bin;C:\Users\Екатерина\AppData\Local\Microsoft\WindowsApps;C:\Users\Екатерина\AppData\Local\Keybase\;C:\Users\Екатерина\AppData\Local\GitHubDesktop\bin
USERNAME=Екатерина
OS=Windows_NT
PROCESSOR_IDENTIFIER=Intel64 Family 6 Model 142 Stepping 10, GenuineIntel



---------------  S Y S T E M  ---------------

OS: Windows 10 , 64 bit Build 18362 (10.0.18362.1082)

CPU:total 8 (initial active 8) (4 cores per cpu, 2 threads per core) family 6 model 142 stepping 10, cmov, cx8, fxsr, mmx, sse, sse2, sse3, ssse3, sse4.1, sse4.2, popcnt, avx, avx2, aes, clmul, erms, 3dnowpref, lzcnt, ht, tsc, tscinvbit, bmi1, bmi2, adx, fma

Memory: 4k page, system-wide physical 8101M (745M free)
TotalPageFile size 32677M (AvailPageFile size 10M)
current process WorkingSet (physical memory assigned to process): 15M, peak: 15M
current process commit charge ("private bytes"): 66M, peak: 193M

vm_info: Java HotSpot(TM) 64-Bit Server VM (13.0.1+9) for windows-amd64 JRE (13.0.1+9), built on Oct  6 2019 12:37:49 by "mach5one" with unknown MS VC++:1916

END.
