#
# There is insufficient memory for the Java Runtime Environment to continue.
# Native memory allocation (malloc) failed to allocate 32744 bytes for ChunkPool::allocate
# Possible reasons:
#   The system is out of physical RAM or swap space
#   The process is running with CompressedOops enabled, and the Java Heap may be blocking the growth of the native heap
# Possible solutions:
#   Reduce memory load on the system
#   Increase physical memory or swap space
#   Check if swap backing store is full
#   Decrease Java heap size (-Xmx/-Xms)
#   Decrease number of Java threads
#   Decrease Java thread stack sizes (-Xss)
#   Set larger code cache with -XX:ReservedCodeCacheSize=
#   JVM is running with Unscaled Compressed Oops mode in which the Java heap is
#     placed in the first 4GB address space. The Java Heap base address is the
#     maximum limit for the native heap growth. Please use -XX:HeapBaseMinAddress
#     to set the Java Heap base and to place the Java Heap above 4GB virtual address.
# This output file may be truncated or incomplete.
#
#  Out of Memory Error (t:/workspace/open/src/hotspot/share/memory/arena.cpp:80), pid=13268, tid=9828
#
# JRE version: Java(TM) SE Runtime Environment (13.0.1+9) (build 13.0.1+9)
# Java VM: Java HotSpot(TM) 64-Bit Server VM (13.0.1+9, mixed mode, tiered, compressed oops, g1 gc, windows-amd64)
# No core dump will be written. Minidumps are not enabled by default on client versions of Windows
#

---------------  S U M M A R Y ------------

Command Line: -ea -Didea.test.cyclic.buffer.size=1048576 -javaagent:C:\Program Files\JetBrains\IntelliJ IDEA Community Edition 2019.2\lib\idea_rt.jar=64639:C:\Program Files\JetBrains\IntelliJ IDEA Community Edition 2019.2\bin -Dfile.encoding=UTF-8 com.intellij.rt.junit.JUnitStarter -ideVersion5 -junit4 ru.job4j.statistica.AnalizeTest,whenItemsAdded

Host: Intel(R) Core(TM) i5-8250U CPU @ 1.60GHz, 8 cores, 7G,  Windows 10 , 64 bit Build 18362 (10.0.18362.959)
Time: Sat Sep  5 19:31:01 2020 RTZ 2 (ceia) elapsed time: 0 seconds (0d 0h 0m 0s)

---------------  T H R E A D  ---------------

Current thread (0x0000022181349000):  JavaThread "C2 CompilerThread1" daemon [_thread_in_native, id=9828, stack(0x0000009488500000,0x0000009488600000)]


Current CompileTask:
C2:    163  148       4       java.util.HashMap::putVal (300 bytes)

Stack: [0x0000009488500000,0x0000009488600000]
Native frames: (J=compiled Java code, j=interpreted, Vv=VM code, C=native code)
V  [jvm.dll+0x626eca]
V  [jvm.dll+0x772c6a]
V  [jvm.dll+0x77441f]
V  [jvm.dll+0x774a23]
V  [jvm.dll+0x24da58]
V  [jvm.dll+0xc3d16]
V  [jvm.dll+0xc406c]
V  [jvm.dll+0x2bfad5]
V  [jvm.dll+0x545e6d]
V  [jvm.dll+0x20fd2a]
V  [jvm.dll+0x209740]
V  [jvm.dll+0x2069bd]
V  [jvm.dll+0x18b94c]
V  [jvm.dll+0x2159bd]
V  [jvm.dll+0x213e6b]
V  [jvm.dll+0x738b16]
V  [jvm.dll+0x731c0a]
V  [jvm.dll+0x6260c6]
C  [ucrtbase.dll+0x20e82]
C  [KERNEL32.DLL+0x17bd4]
C  [ntdll.dll+0x6ce51]


---------------  P R O C E S S  ---------------

Threads class SMR info:
_java_thread_list=0x00000221812a82e0, length=10, elements={
0x00000221e147c800, 0x0000022181143800, 0x000002218114e800, 0x000002218118c800,
0x000002218118e800, 0x0000022181160800, 0x0000022181162000, 0x000002218118f000,
0x000002218133b000, 0x0000022181349000
}

Java Threads: ( => current thread )
  0x00000221e147c800 JavaThread "main" [_thread_in_native, id=19396, stack(0x0000009487600000,0x0000009487700000)]
  0x0000022181143800 JavaThread "Reference Handler" daemon [_thread_blocked, id=6920, stack(0x0000009487d00000,0x0000009487e00000)]
  0x000002218114e800 JavaThread "Finalizer" daemon [_thread_blocked, id=11420, stack(0x0000009487e00000,0x0000009487f00000)]
  0x000002218118c800 JavaThread "Signal Dispatcher" daemon [_thread_blocked, id=13508, stack(0x0000009487f00000,0x0000009488000000)]
  0x000002218118e800 JavaThread "Attach Listener" daemon [_thread_blocked, id=11604, stack(0x0000009488000000,0x0000009488100000)]
  0x0000022181160800 JavaThread "C2 CompilerThread0" daemon [_thread_blocked, id=9184, stack(0x0000009488100000,0x0000009488200000)]
  0x0000022181162000 JavaThread "C1 CompilerThread0" daemon [_thread_blocked, id=13912, stack(0x0000009488200000,0x0000009488300000)]
  0x000002218118f000 JavaThread "Sweeper thread" daemon [_thread_blocked, id=14168, stack(0x0000009488300000,0x0000009488400000)]
  0x000002218133b000 JavaThread "Common-Cleaner" daemon [_thread_blocked, id=14808, stack(0x0000009488400000,0x0000009488500000)]
=>0x0000022181349000 JavaThread "C2 CompilerThread1" daemon [_thread_in_native, id=9828, stack(0x0000009488500000,0x0000009488600000)]

Other Threads:
  0x0000022180524800 VMThread "VM Thread" [stack: 0x0000009487c00000,0x0000009487d00000] [id=18160]
  0x00000221e14c2000 GCTaskThread "GC Thread#0" [stack: 0x0000009487700000,0x0000009487800000] [id=15512]
  0x00000221e14d3000 ConcurrentGCThread "G1 Main Marker" [stack: 0x0000009487800000,0x0000009487900000] [id=2064]
  0x00000221e14d7000 ConcurrentGCThread "G1 Conc#0" [stack: 0x0000009487900000,0x0000009487a00000] [id=4352]
  0x0000022180356800 ConcurrentGCThread "G1 Refine#0" [stack: 0x0000009487a00000,0x0000009487b00000] [id=16172]
  0x00000221e154e800 ConcurrentGCThread "G1 Young RemSet Sampling" [stack: 0x0000009487b00000,0x0000009487c00000] [id=6956]

Threads with active compile tasks:
C2 CompilerThread1      187  148       4       java.util.HashMap::putVal (300 bytes)

VM state:not at safepoint (normal execution)

VM Mutex/Monitor currently owned by a thread: None

Heap address: 0x0000000081600000, size: 2026 MB, Compressed Oops mode: 32-bit
Narrow klass base: 0x0000000000000000, Narrow klass shift: 3
Compressed class space size: 1073741824 Address: 0x0000000100000000

Heap:
 garbage-first heap   total 131072K, used 1024K [0x0000000081600000, 0x0000000100000000)
  region size 1024K, 2 young (2048K), 0 survivors (0K)
 Metaspace       used 5510K, capacity 5587K, committed 5632K, reserved 1062912K
  class space    used 467K, capacity 502K, committed 512K, reserved 1048576K
Heap Regions: E=young(eden), S=young(survivor), O=old, HS=humongous(starts), HC=humongous(continues), CS=collection set, F=free, A=archive, TAMS=top-at-mark-start (previous, next)
|   0|0x0000000081600000, 0x0000000081600000, 0x0000000081700000|  0%| F|  |TAMS 0x0000000081600000, 0x0000000081600000| Untracked 
|   1|0x0000000081700000, 0x0000000081700000, 0x0000000081800000|  0%| F|  |TAMS 0x0000000081700000, 0x0000000081700000| Untracked 
|   2|0x0000000081800000, 0x0000000081800000, 0x0000000081900000|  0%| F|  |TAMS 0x0000000081800000, 0x0000000081800000| Untracked 
|   3|0x0000000081900000, 0x0000000081900000, 0x0000000081a00000|  0%| F|  |TAMS 0x0000000081900000, 0x0000000081900000| Untracked 
|   4|0x0000000081a00000, 0x0000000081a00000, 0x0000000081b00000|  0%| F|  |TAMS 0x0000000081a00000, 0x0000000081a00000| Untracked 
|   5|0x0000000081b00000, 0x0000000081b00000, 0x0000000081c00000|  0%| F|  |TAMS 0x0000000081b00000, 0x0000000081b00000| Untracked 
|   6|0x0000000081c00000, 0x0000000081c00000, 0x0000000081d00000|  0%| F|  |TAMS 0x0000000081c00000, 0x0000000081c00000| Untracked 
|   7|0x0000000081d00000, 0x0000000081d00000, 0x0000000081e00000|  0%| F|  |TAMS 0x0000000081d00000, 0x0000000081d00000| Untracked 
|   8|0x0000000081e00000, 0x0000000081e00000, 0x0000000081f00000|  0%| F|  |TAMS 0x0000000081e00000, 0x0000000081e00000| Untracked 
|   9|0x0000000081f00000, 0x0000000081f00000, 0x0000000082000000|  0%| F|  |TAMS 0x0000000081f00000, 0x0000000081f00000| Untracked 
|  10|0x0000000082000000, 0x0000000082000000, 0x0000000082100000|  0%| F|  |TAMS 0x0000000082000000, 0x0000000082000000| Untracked 
|  11|0x0000000082100000, 0x0000000082100000, 0x0000000082200000|  0%| F|  |TAMS 0x0000000082100000, 0x0000000082100000| Untracked 
|  12|0x0000000082200000, 0x0000000082200000, 0x0000000082300000|  0%| F|  |TAMS 0x0000000082200000, 0x0000000082200000| Untracked 
|  13|0x0000000082300000, 0x0000000082300000, 0x0000000082400000|  0%| F|  |TAMS 0x0000000082300000, 0x0000000082300000| Untracked 
|  14|0x0000000082400000, 0x0000000082400000, 0x0000000082500000|  0%| F|  |TAMS 0x0000000082400000, 0x0000000082400000| Untracked 
|  15|0x0000000082500000, 0x0000000082500000, 0x0000000082600000|  0%| F|  |TAMS 0x0000000082500000, 0x0000000082500000| Untracked 
|  16|0x0000000082600000, 0x0000000082600000, 0x0000000082700000|  0%| F|  |TAMS 0x0000000082600000, 0x0000000082600000| Untracked 
|  17|0x0000000082700000, 0x0000000082700000, 0x0000000082800000|  0%| F|  |TAMS 0x0000000082700000, 0x0000000082700000| Untracked 
|  18|0x0000000082800000, 0x0000000082800000, 0x0000000082900000|  0%| F|  |TAMS 0x0000000082800000, 0x0000000082800000| Untracked 
|  19|0x0000000082900000, 0x0000000082900000, 0x0000000082a00000|  0%| F|  |TAMS 0x0000000082900000, 0x0000000082900000| Untracked 
|  20|0x0000000082a00000, 0x0000000082a00000, 0x0000000082b00000|  0%| F|  |TAMS 0x0000000082a00000, 0x0000000082a00000| Untracked 
|  21|0x0000000082b00000, 0x0000000082b00000, 0x0000000082c00000|  0%| F|  |TAMS 0x0000000082b00000, 0x0000000082b00000| Untracked 
|  22|0x0000000082c00000, 0x0000000082c00000, 0x0000000082d00000|  0%| F|  |TAMS 0x0000000082c00000, 0x0000000082c00000| Untracked 
|  23|0x0000000082d00000, 0x0000000082d00000, 0x0000000082e00000|  0%| F|  |TAMS 0x0000000082d00000, 0x0000000082d00000| Untracked 
|  24|0x0000000082e00000, 0x0000000082e00000, 0x0000000082f00000|  0%| F|  |TAMS 0x0000000082e00000, 0x0000000082e00000| Untracked 
|  25|0x0000000082f00000, 0x0000000082f00000, 0x0000000083000000|  0%| F|  |TAMS 0x0000000082f00000, 0x0000000082f00000| Untracked 
|  26|0x0000000083000000, 0x0000000083000000, 0x0000000083100000|  0%| F|  |TAMS 0x0000000083000000, 0x0000000083000000| Untracked 
|  27|0x0000000083100000, 0x0000000083100000, 0x0000000083200000|  0%| F|  |TAMS 0x0000000083100000, 0x0000000083100000| Untracked 
|  28|0x0000000083200000, 0x0000000083200000, 0x0000000083300000|  0%| F|  |TAMS 0x0000000083200000, 0x0000000083200000| Untracked 
|  29|0x0000000083300000, 0x0000000083300000, 0x0000000083400000|  0%| F|  |TAMS 0x0000000083300000, 0x0000000083300000| Untracked 
|  30|0x0000000083400000, 0x0000000083400000, 0x0000000083500000|  0%| F|  |TAMS 0x0000000083400000, 0x0000000083400000| Untracked 
|  31|0x0000000083500000, 0x0000000083500000, 0x0000000083600000|  0%| F|  |TAMS 0x0000000083500000, 0x0000000083500000| Untracked 
|  32|0x0000000083600000, 0x0000000083600000, 0x0000000083700000|  0%| F|  |TAMS 0x0000000083600000, 0x0000000083600000| Untracked 
|  33|0x0000000083700000, 0x0000000083700000, 0x0000000083800000|  0%| F|  |TAMS 0x0000000083700000, 0x0000000083700000| Untracked 
|  34|0x0000000083800000, 0x0000000083800000, 0x0000000083900000|  0%| F|  |TAMS 0x0000000083800000, 0x0000000083800000| Untracked 
|  35|0x0000000083900000, 0x0000000083900000, 0x0000000083a00000|  0%| F|  |TAMS 0x0000000083900000, 0x0000000083900000| Untracked 
|  36|0x0000000083a00000, 0x0000000083a00000, 0x0000000083b00000|  0%| F|  |TAMS 0x0000000083a00000, 0x0000000083a00000| Untracked 
|  37|0x0000000083b00000, 0x0000000083b00000, 0x0000000083c00000|  0%| F|  |TAMS 0x0000000083b00000, 0x0000000083b00000| Untracked 
|  38|0x0000000083c00000, 0x0000000083c00000, 0x0000000083d00000|  0%| F|  |TAMS 0x0000000083c00000, 0x0000000083c00000| Untracked 
|  39|0x0000000083d00000, 0x0000000083d00000, 0x0000000083e00000|  0%| F|  |TAMS 0x0000000083d00000, 0x0000000083d00000| Untracked 
|  40|0x0000000083e00000, 0x0000000083e00000, 0x0000000083f00000|  0%| F|  |TAMS 0x0000000083e00000, 0x0000000083e00000| Untracked 
|  41|0x0000000083f00000, 0x0000000083f00000, 0x0000000084000000|  0%| F|  |TAMS 0x0000000083f00000, 0x0000000083f00000| Untracked 
|  42|0x0000000084000000, 0x0000000084000000, 0x0000000084100000|  0%| F|  |TAMS 0x0000000084000000, 0x0000000084000000| Untracked 
|  43|0x0000000084100000, 0x0000000084100000, 0x0000000084200000|  0%| F|  |TAMS 0x0000000084100000, 0x0000000084100000| Untracked 
|  44|0x0000000084200000, 0x0000000084200000, 0x0000000084300000|  0%| F|  |TAMS 0x0000000084200000, 0x0000000084200000| Untracked 
|  45|0x0000000084300000, 0x0000000084300000, 0x0000000084400000|  0%| F|  |TAMS 0x0000000084300000, 0x0000000084300000| Untracked 
|  46|0x0000000084400000, 0x0000000084400000, 0x0000000084500000|  0%| F|  |TAMS 0x0000000084400000, 0x0000000084400000| Untracked 
|  47|0x0000000084500000, 0x0000000084500000, 0x0000000084600000|  0%| F|  |TAMS 0x0000000084500000, 0x0000000084500000| Untracked 
|  48|0x0000000084600000, 0x0000000084600000, 0x0000000084700000|  0%| F|  |TAMS 0x0000000084600000, 0x0000000084600000| Untracked 
|  49|0x0000000084700000, 0x0000000084700000, 0x0000000084800000|  0%| F|  |TAMS 0x0000000084700000, 0x0000000084700000| Untracked 
|  50|0x0000000084800000, 0x0000000084800000, 0x0000000084900000|  0%| F|  |TAMS 0x0000000084800000, 0x0000000084800000| Untracked 
|  51|0x0000000084900000, 0x0000000084900000, 0x0000000084a00000|  0%| F|  |TAMS 0x0000000084900000, 0x0000000084900000| Untracked 
|  52|0x0000000084a00000, 0x0000000084a00000, 0x0000000084b00000|  0%| F|  |TAMS 0x0000000084a00000, 0x0000000084a00000| Untracked 
|  53|0x0000000084b00000, 0x0000000084b00000, 0x0000000084c00000|  0%| F|  |TAMS 0x0000000084b00000, 0x0000000084b00000| Untracked 
|  54|0x0000000084c00000, 0x0000000084c00000, 0x0000000084d00000|  0%| F|  |TAMS 0x0000000084c00000, 0x0000000084c00000| Untracked 
|  55|0x0000000084d00000, 0x0000000084d00000, 0x0000000084e00000|  0%| F|  |TAMS 0x0000000084d00000, 0x0000000084d00000| Untracked 
|  56|0x0000000084e00000, 0x0000000084e00000, 0x0000000084f00000|  0%| F|  |TAMS 0x0000000084e00000, 0x0000000084e00000| Untracked 
|  57|0x0000000084f00000, 0x0000000084f00000, 0x0000000085000000|  0%| F|  |TAMS 0x0000000084f00000, 0x0000000084f00000| Untracked 
|  58|0x0000000085000000, 0x0000000085000000, 0x0000000085100000|  0%| F|  |TAMS 0x0000000085000000, 0x0000000085000000| Untracked 
|  59|0x0000000085100000, 0x0000000085100000, 0x0000000085200000|  0%| F|  |TAMS 0x0000000085100000, 0x0000000085100000| Untracked 
|  60|0x0000000085200000, 0x0000000085200000, 0x0000000085300000|  0%| F|  |TAMS 0x0000000085200000, 0x0000000085200000| Untracked 
|  61|0x0000000085300000, 0x0000000085300000, 0x0000000085400000|  0%| F|  |TAMS 0x0000000085300000, 0x0000000085300000| Untracked 
|  62|0x0000000085400000, 0x0000000085400000, 0x0000000085500000|  0%| F|  |TAMS 0x0000000085400000, 0x0000000085400000| Untracked 
|  63|0x0000000085500000, 0x0000000085500000, 0x0000000085600000|  0%| F|  |TAMS 0x0000000085500000, 0x0000000085500000| Untracked 
|  64|0x0000000085600000, 0x0000000085600000, 0x0000000085700000|  0%| F|  |TAMS 0x0000000085600000, 0x0000000085600000| Untracked 
|  65|0x0000000085700000, 0x0000000085700000, 0x0000000085800000|  0%| F|  |TAMS 0x0000000085700000, 0x0000000085700000| Untracked 
|  66|0x0000000085800000, 0x0000000085800000, 0x0000000085900000|  0%| F|  |TAMS 0x0000000085800000, 0x0000000085800000| Untracked 
|  67|0x0000000085900000, 0x0000000085900000, 0x0000000085a00000|  0%| F|  |TAMS 0x0000000085900000, 0x0000000085900000| Untracked 
|  68|0x0000000085a00000, 0x0000000085a00000, 0x0000000085b00000|  0%| F|  |TAMS 0x0000000085a00000, 0x0000000085a00000| Untracked 
|  69|0x0000000085b00000, 0x0000000085b00000, 0x0000000085c00000|  0%| F|  |TAMS 0x0000000085b00000, 0x0000000085b00000| Untracked 
|  70|0x0000000085c00000, 0x0000000085c00000, 0x0000000085d00000|  0%| F|  |TAMS 0x0000000085c00000, 0x0000000085c00000| Untracked 
|  71|0x0000000085d00000, 0x0000000085d00000, 0x0000000085e00000|  0%| F|  |TAMS 0x0000000085d00000, 0x0000000085d00000| Untracked 
|  72|0x0000000085e00000, 0x0000000085e00000, 0x0000000085f00000|  0%| F|  |TAMS 0x0000000085e00000, 0x0000000085e00000| Untracked 
|  73|0x0000000085f00000, 0x0000000085f00000, 0x0000000086000000|  0%| F|  |TAMS 0x0000000085f00000, 0x0000000085f00000| Untracked 
|  74|0x0000000086000000, 0x0000000086000000, 0x0000000086100000|  0%| F|  |TAMS 0x0000000086000000, 0x0000000086000000| Untracked 
|  75|0x0000000086100000, 0x0000000086100000, 0x0000000086200000|  0%| F|  |TAMS 0x0000000086100000, 0x0000000086100000| Untracked 
|  76|0x0000000086200000, 0x0000000086200000, 0x0000000086300000|  0%| F|  |TAMS 0x0000000086200000, 0x0000000086200000| Untracked 
|  77|0x0000000086300000, 0x0000000086300000, 0x0000000086400000|  0%| F|  |TAMS 0x0000000086300000, 0x0000000086300000| Untracked 
|  78|0x0000000086400000, 0x0000000086400000, 0x0000000086500000|  0%| F|  |TAMS 0x0000000086400000, 0x0000000086400000| Untracked 
|  79|0x0000000086500000, 0x0000000086500000, 0x0000000086600000|  0%| F|  |TAMS 0x0000000086500000, 0x0000000086500000| Untracked 
|  80|0x0000000086600000, 0x0000000086600000, 0x0000000086700000|  0%| F|  |TAMS 0x0000000086600000, 0x0000000086600000| Untracked 
|  81|0x0000000086700000, 0x0000000086700000, 0x0000000086800000|  0%| F|  |TAMS 0x0000000086700000, 0x0000000086700000| Untracked 
|  82|0x0000000086800000, 0x0000000086800000, 0x0000000086900000|  0%| F|  |TAMS 0x0000000086800000, 0x0000000086800000| Untracked 
|  83|0x0000000086900000, 0x0000000086900000, 0x0000000086a00000|  0%| F|  |TAMS 0x0000000086900000, 0x0000000086900000| Untracked 
|  84|0x0000000086a00000, 0x0000000086a00000, 0x0000000086b00000|  0%| F|  |TAMS 0x0000000086a00000, 0x0000000086a00000| Untracked 
|  85|0x0000000086b00000, 0x0000000086b00000, 0x0000000086c00000|  0%| F|  |TAMS 0x0000000086b00000, 0x0000000086b00000| Untracked 
|  86|0x0000000086c00000, 0x0000000086c00000, 0x0000000086d00000|  0%| F|  |TAMS 0x0000000086c00000, 0x0000000086c00000| Untracked 
|  87|0x0000000086d00000, 0x0000000086d00000, 0x0000000086e00000|  0%| F|  |TAMS 0x0000000086d00000, 0x0000000086d00000| Untracked 
|  88|0x0000000086e00000, 0x0000000086e00000, 0x0000000086f00000|  0%| F|  |TAMS 0x0000000086e00000, 0x0000000086e00000| Untracked 
|  89|0x0000000086f00000, 0x0000000086f00000, 0x0000000087000000|  0%| F|  |TAMS 0x0000000086f00000, 0x0000000086f00000| Untracked 
|  90|0x0000000087000000, 0x0000000087000000, 0x0000000087100000|  0%| F|  |TAMS 0x0000000087000000, 0x0000000087000000| Untracked 
|  91|0x0000000087100000, 0x0000000087100000, 0x0000000087200000|  0%| F|  |TAMS 0x0000000087100000, 0x0000000087100000| Untracked 
|  92|0x0000000087200000, 0x0000000087200000, 0x0000000087300000|  0%| F|  |TAMS 0x0000000087200000, 0x0000000087200000| Untracked 
|  93|0x0000000087300000, 0x0000000087300000, 0x0000000087400000|  0%| F|  |TAMS 0x0000000087300000, 0x0000000087300000| Untracked 
|  94|0x0000000087400000, 0x0000000087400000, 0x0000000087500000|  0%| F|  |TAMS 0x0000000087400000, 0x0000000087400000| Untracked 
|  95|0x0000000087500000, 0x0000000087500000, 0x0000000087600000|  0%| F|  |TAMS 0x0000000087500000, 0x0000000087500000| Untracked 
|  96|0x0000000087600000, 0x0000000087600000, 0x0000000087700000|  0%| F|  |TAMS 0x0000000087600000, 0x0000000087600000| Untracked 
|  97|0x0000000087700000, 0x0000000087700000, 0x0000000087800000|  0%| F|  |TAMS 0x0000000087700000, 0x0000000087700000| Untracked 
|  98|0x0000000087800000, 0x0000000087800000, 0x0000000087900000|  0%| F|  |TAMS 0x0000000087800000, 0x0000000087800000| Untracked 
|  99|0x0000000087900000, 0x0000000087900000, 0x0000000087a00000|  0%| F|  |TAMS 0x0000000087900000, 0x0000000087900000| Untracked 
| 100|0x0000000087a00000, 0x0000000087a00000, 0x0000000087b00000|  0%| F|  |TAMS 0x0000000087a00000, 0x0000000087a00000| Untracked 
| 101|0x0000000087b00000, 0x0000000087b00000, 0x0000000087c00000|  0%| F|  |TAMS 0x0000000087b00000, 0x0000000087b00000| Untracked 
| 102|0x0000000087c00000, 0x0000000087c00000, 0x0000000087d00000|  0%| F|  |TAMS 0x0000000087c00000, 0x0000000087c00000| Untracked 
| 103|0x0000000087d00000, 0x0000000087d00000, 0x0000000087e00000|  0%| F|  |TAMS 0x0000000087d00000, 0x0000000087d00000| Untracked 
| 104|0x0000000087e00000, 0x0000000087e00000, 0x0000000087f00000|  0%| F|  |TAMS 0x0000000087e00000, 0x0000000087e00000| Untracked 
| 105|0x0000000087f00000, 0x0000000087f00000, 0x0000000088000000|  0%| F|  |TAMS 0x0000000087f00000, 0x0000000087f00000| Untracked 
| 106|0x0000000088000000, 0x0000000088000000, 0x0000000088100000|  0%| F|  |TAMS 0x0000000088000000, 0x0000000088000000| Untracked 
| 107|0x0000000088100000, 0x0000000088100000, 0x0000000088200000|  0%| F|  |TAMS 0x0000000088100000, 0x0000000088100000| Untracked 
| 108|0x0000000088200000, 0x0000000088200000, 0x0000000088300000|  0%| F|  |TAMS 0x0000000088200000, 0x0000000088200000| Untracked 
| 109|0x0000000088300000, 0x0000000088300000, 0x0000000088400000|  0%| F|  |TAMS 0x0000000088300000, 0x0000000088300000| Untracked 
| 110|0x0000000088400000, 0x0000000088400000, 0x0000000088500000|  0%| F|  |TAMS 0x0000000088400000, 0x0000000088400000| Untracked 
| 111|0x0000000088500000, 0x0000000088500000, 0x0000000088600000|  0%| F|  |TAMS 0x0000000088500000, 0x0000000088500000| Untracked 
| 112|0x0000000088600000, 0x0000000088600000, 0x0000000088700000|  0%| F|  |TAMS 0x0000000088600000, 0x0000000088600000| Untracked 
| 113|0x0000000088700000, 0x0000000088700000, 0x0000000088800000|  0%| F|  |TAMS 0x0000000088700000, 0x0000000088700000| Untracked 
| 114|0x0000000088800000, 0x0000000088800000, 0x0000000088900000|  0%| F|  |TAMS 0x0000000088800000, 0x0000000088800000| Untracked 
| 115|0x0000000088900000, 0x0000000088900000, 0x0000000088a00000|  0%| F|  |TAMS 0x0000000088900000, 0x0000000088900000| Untracked 
| 116|0x0000000088a00000, 0x0000000088a00000, 0x0000000088b00000|  0%| F|  |TAMS 0x0000000088a00000, 0x0000000088a00000| Untracked 
| 117|0x0000000088b00000, 0x0000000088b00000, 0x0000000088c00000|  0%| F|  |TAMS 0x0000000088b00000, 0x0000000088b00000| Untracked 
| 118|0x0000000088c00000, 0x0000000088c00000, 0x0000000088d00000|  0%| F|  |TAMS 0x0000000088c00000, 0x0000000088c00000| Untracked 
| 119|0x0000000088d00000, 0x0000000088d00000, 0x0000000088e00000|  0%| F|  |TAMS 0x0000000088d00000, 0x0000000088d00000| Untracked 
| 120|0x0000000088e00000, 0x0000000088e00000, 0x0000000088f00000|  0%| F|  |TAMS 0x0000000088e00000, 0x0000000088e00000| Untracked 
| 121|0x0000000088f00000, 0x0000000088f00000, 0x0000000089000000|  0%| F|  |TAMS 0x0000000088f00000, 0x0000000088f00000| Untracked 
| 122|0x0000000089000000, 0x0000000089000000, 0x0000000089100000|  0%| F|  |TAMS 0x0000000089000000, 0x0000000089000000| Untracked 
| 123|0x0000000089100000, 0x0000000089100000, 0x0000000089200000|  0%| F|  |TAMS 0x0000000089100000, 0x0000000089100000| Untracked 
| 124|0x0000000089200000, 0x0000000089200000, 0x0000000089300000|  0%| F|  |TAMS 0x0000000089200000, 0x0000000089200000| Untracked 
| 125|0x0000000089300000, 0x0000000089300000, 0x0000000089400000|  0%| F|  |TAMS 0x0000000089300000, 0x0000000089300000| Untracked 
| 126|0x0000000089400000, 0x000000008947b630, 0x0000000089500000| 48%| E|  |TAMS 0x0000000089400000, 0x0000000089400000| Complete 
| 127|0x0000000089500000, 0x0000000089600000, 0x0000000089600000|100%| E|CS|TAMS 0x0000000089500000, 0x0000000089500000| Complete 

Card table byte_map: [0x00000221f91d0000,0x00000221f95d0000] _byte_map_base: 0x00000221f8dc5000

Marking Bits (Prev, Next): (CMBitMap*) 0x00000221e14c29c8, (CMBitMap*) 0x00000221e14c2a08
 Prev Bits: [0x00000221f99d0000, 0x00000221fb978000)
 Next Bits: [0x00000221fb980000, 0x00000221fd928000)

Polling page: 0x00000221df490000

Metaspace:

Usage:
  Non-class:      5.09 MB capacity,     5.03 MB ( 99%) used,    60.59 KB (  1%) free+waste,     6.50 KB ( <1%) overhead. 
      Class:    502.00 KB capacity,   482.12 KB ( 96%) used,    18.51 KB (  4%) free+waste,     1.38 KB ( <1%) overhead. 
       Both:      5.58 MB capacity,     5.50 MB ( 98%) used,    79.10 KB (  1%) free+waste,     7.88 KB ( <1%) overhead. 

Virtual space:
  Non-class space:       14.00 MB reserved,       5.25 MB ( 38%) committed 
      Class space:        1.00 GB reserved,     512.00 KB ( <1%) committed 
             Both:        1.01 GB reserved,       5.75 MB ( <1%) committed 

Chunk freelists:
   Non-Class:  35.00 KB
       Class:  10.00 KB
        Both:  45.00 KB

MaxMetaspaceSize: 17179869184.00 GB
CompressedClassSpaceSize: 1.00 GB

CodeHeap 'non-profiled nmethods': size=120000Kb used=52Kb max_used=52Kb free=119947Kb
 bounds [0x00000221f1450000, 0x00000221f16c0000, 0x00000221f8980000]
CodeHeap 'profiled nmethods': size=120000Kb used=213Kb max_used=213Kb free=119786Kb
 bounds [0x00000221e9f20000, 0x00000221ea190000, 0x00000221f1450000]
CodeHeap 'non-nmethods': size=5760Kb used=1104Kb max_used=1104Kb free=4656Kb
 bounds [0x00000221e9980000, 0x00000221e9bf0000, 0x00000221e9f20000]
 total_blobs=831 nmethods=174 adapters=244
 compilation: enabled
              stopped_count=0, restarted_count=0
 full_count=0

Compilation events (20 events):
Event: 0.157 Thread 0x0000022181162000 nmethod 152 0x00000221f145b490 code [0x00000221f145b620, 0x00000221f145b738]
Event: 0.157 Thread 0x0000022181162000  153       3       java.lang.module.ResolvedModule::name (11 bytes)
Event: 0.157 Thread 0x0000022181162000 nmethod 153 0x00000221e9f4da90 code [0x00000221e9f4dc40, 0x00000221e9f4de18]
Event: 0.157 Thread 0x0000022181162000  154       1       java.lang.module.ModuleDescriptor::isOpen (5 bytes)
Event: 0.157 Thread 0x0000022181162000 nmethod 154 0x00000221f145b790 code [0x00000221f145b920, 0x00000221f145ba38]
Event: 0.157 Thread 0x0000022181160800 nmethod 150 0x00000221f145ba90 code [0x00000221f145bc20, 0x00000221f145bcd8]
Event: 0.158 Thread 0x0000022181162000  156       3       java.util.HashMap$ValueIterator::next (8 bytes)
Event: 0.158 Thread 0x0000022181162000 nmethod 156 0x00000221e9f4df10 code [0x00000221e9f4e0c0, 0x00000221e9f4e250]
Event: 0.158 Thread 0x0000022181162000  157       1       java.util.HashMap::size (5 bytes)
Event: 0.158 Thread 0x0000022181162000 nmethod 157 0x00000221f145c290 code [0x00000221f145c420, 0x00000221f145c538]
Event: 0.159 Thread 0x0000022181162000  158       3       java.util.ImmutableCollections$MapN::get (35 bytes)
Event: 0.159 Thread 0x0000022181162000 nmethod 158 0x00000221e9f4e310 code [0x00000221e9f4e4e0, 0x00000221e9f4e8a0]
Event: 0.159 Thread 0x0000022181162000  159       3       jdk.internal.module.ModuleBootstrap$2::hasNext (30 bytes)
Event: 0.159 Thread 0x0000022181162000 nmethod 159 0x00000221e9f4ea10 code [0x00000221e9f4ebe0, 0x00000221e9f4ef60]
Event: 0.159 Thread 0x0000022181162000  160       3       jdk.internal.module.ModuleBootstrap$2::next (52 bytes)
Event: 0.159 Thread 0x0000022181162000 nmethod 160 0x00000221e9f4f090 code [0x00000221e9f4f2a0, 0x00000221e9f4f810]
Event: 0.159 Thread 0x0000022181162000  161       1       java.lang.Module::getDescriptor (5 bytes)
Event: 0.159 Thread 0x0000022181162000 nmethod 161 0x00000221f145ca10 code [0x00000221f145cba0, 0x00000221f145ccb8]
Event: 0.161 Thread 0x0000022181160800  163       4       java.lang.String::charAt (25 bytes)
Event: 0.161 Thread 0x0000022181162000  164       3       java.lang.String::checkBoundsBeginEnd (63 bytes)

GC Heap History (0 events):
No events

Deoptimization events (0 events):
No events

Classes unloaded (0 events):
No events

Classes redefined (0 events):
No events

Internal exceptions (0 events):
No events

Events (20 events):
Event: 0.153 loading class java/util/concurrent/ConcurrentHashMap$ForwardingNode done
Event: 0.157 loading class java/util/concurrent/CopyOnWriteArrayList
Event: 0.157 loading class java/util/concurrent/CopyOnWriteArrayList done
Event: 0.158 loading class jdk/internal/module/ServicesCatalog$ServiceProvider
Event: 0.158 loading class jdk/internal/module/ServicesCatalog$ServiceProvider done
Event: 0.158 loading class java/lang/ModuleLayer$Controller
Event: 0.158 loading class java/lang/ModuleLayer$Controller done
Event: 0.158 loading class jdk/internal/module/IllegalAccessLogger$Mode
Event: 0.158 loading class jdk/internal/module/IllegalAccessLogger$Mode done
Event: 0.158 loading class jdk/internal/module/IllegalAccessLogger$Builder
Event: 0.158 loading class jdk/internal/module/IllegalAccessLogger$Builder done
Event: 0.158 loading class jdk/internal/module/ModuleBootstrap$2
Event: 0.158 loading class jdk/internal/module/ModuleBootstrap$2 done
Event: 0.159 loading class jdk/internal/module/IllegalAccessLogger
Event: 0.159 loading class jdk/internal/module/IllegalAccessLogger done
Event: 0.159 loading class jdk/internal/module/ModuleBootstrap$SafeModuleFinder
Event: 0.159 loading class jdk/internal/module/ModuleBootstrap$SafeModuleFinder done
Event: 0.161 loading class java/lang/InternalError
Event: 0.161 loading class java/lang/InternalError done
Event: 0.161 loading class sun/instrument/InstrumentationImpl


Dynamic libraries:
0x00007ff613e20000 - 0x00007ff613e2f000 	C:\Program Files\Java\jdk-13.0.1\bin\java.exe
0x00007ffd6ff80000 - 0x00007ffd70170000 	C:\WINDOWS\SYSTEM32\ntdll.dll
0x00007ffd6ed00000 - 0x00007ffd6edb2000 	C:\WINDOWS\System32\KERNEL32.DLL
0x00007ffd6d0e0000 - 0x00007ffd6d384000 	C:\WINDOWS\System32\KERNELBASE.dll
0x00007ffd6de90000 - 0x00007ffd6df8a000 	C:\WINDOWS\System32\ucrtbase.dll
0x00007ffd61a40000 - 0x00007ffd61a58000 	C:\Program Files\Java\jdk-13.0.1\bin\jli.dll
0x00007ffd6ec50000 - 0x00007ffd6ecf3000 	C:\WINDOWS\System32\ADVAPI32.dll
0x00007ffd6eb80000 - 0x00007ffd6ec1e000 	C:\WINDOWS\System32\msvcrt.dll
0x00007ffd5dbb0000 - 0x00007ffd5dbc5000 	C:\Program Files\Java\jdk-13.0.1\bin\VCRUNTIME140.dll
0x00007ffd6e640000 - 0x00007ffd6e6d7000 	C:\WINDOWS\System32\sechost.dll
0x00007ffd6ea60000 - 0x00007ffd6eb80000 	C:\WINDOWS\System32\RPCRT4.dll
0x00007ffd6ee20000 - 0x00007ffd6efb5000 	C:\WINDOWS\System32\USER32.dll
0x00007ffd6cf30000 - 0x00007ffd6cf51000 	C:\WINDOWS\System32\win32u.dll
0x00007ffd6ec20000 - 0x00007ffd6ec46000 	C:\WINDOWS\System32\GDI32.dll
0x00007ffd6db20000 - 0x00007ffd6dcb6000 	C:\WINDOWS\System32\gdi32full.dll
0x00007ffd5cb80000 - 0x00007ffd5ce04000 	C:\WINDOWS\WinSxS\amd64_microsoft.windows.common-controls_6595b64144ccf1df_6.0.18362.1016_none_9e7a36bbe461dae4\COMCTL32.dll
0x00007ffd6df90000 - 0x00007ffd6e02e000 	C:\WINDOWS\System32\msvcp_win.dll
0x00007ffd6e180000 - 0x00007ffd6e4b5000 	C:\WINDOWS\System32\combase.dll
0x00007ffd6de10000 - 0x00007ffd6de90000 	C:\WINDOWS\System32\bcryptPrimitives.dll
0x00007ffd61d80000 - 0x00007ffd61d8a000 	C:\WINDOWS\SYSTEM32\VERSION.dll
0x00007ffd6e4c0000 - 0x00007ffd6e4ee000 	C:\WINDOWS\System32\IMM32.DLL
0x00007ffd53030000 - 0x00007ffd530cb000 	C:\Program Files\Java\jdk-13.0.1\bin\msvcp140.dll
0x00007ffd15e20000 - 0x00007ffd16986000 	C:\Program Files\Java\jdk-13.0.1\bin\server\jvm.dll
0x00007ffd6fd80000 - 0x00007ffd6fd88000 	C:\WINDOWS\System32\PSAPI.DLL
0x00007ffd61990000 - 0x00007ffd61999000 	C:\WINDOWS\SYSTEM32\WSOCK32.dll
0x00007ffd6e9f0000 - 0x00007ffd6ea5f000 	C:\WINDOWS\System32\WS2_32.dll
0x00007ffd69790000 - 0x00007ffd697b4000 	C:\WINDOWS\SYSTEM32\WINMM.dll
0x00007ffd69760000 - 0x00007ffd6978d000 	C:\WINDOWS\SYSTEM32\winmmbase.dll
0x00007ffd6d090000 - 0x00007ffd6d0da000 	C:\WINDOWS\System32\cfgmgr32.dll
0x00007ffd6ce40000 - 0x00007ffd6ce51000 	C:\WINDOWS\System32\kernel.appcore.dll
0x00007ffd694f0000 - 0x00007ffd69500000 	C:\Program Files\Java\jdk-13.0.1\bin\verify.dll
0x00007ffd6b810000 - 0x00007ffd6ba04000 	C:\WINDOWS\SYSTEM32\DBGHELP.DLL
0x00007ffd56c80000 - 0x00007ffd56caa000 	C:\WINDOWS\SYSTEM32\dbgcore.DLL
0x00007ffd5d770000 - 0x00007ffd5d796000 	C:\Program Files\Java\jdk-13.0.1\bin\java.dll
0x00007ffd658b0000 - 0x00007ffd658be000 	C:\Program Files\Java\jdk-13.0.1\bin\instrument.dll
0x00007ffd5d3f0000 - 0x00007ffd5d407000 	C:\Program Files\Java\jdk-13.0.1\bin\zip.dll
0x00007ffd694c0000 - 0x00007ffd694ca000 	C:\Program Files\Java\jdk-13.0.1\bin\jimage.dll
0x00007ffd6efc0000 - 0x00007ffd6f6a7000 	C:\WINDOWS\System32\SHELL32.dll
0x00007ffd6f770000 - 0x00007ffd6f819000 	C:\WINDOWS\System32\shcore.dll
0x00007ffd6d390000 - 0x00007ffd6db12000 	C:\WINDOWS\System32\windows.storage.dll
0x00007ffd6ce60000 - 0x00007ffd6ce83000 	C:\WINDOWS\System32\profapi.dll
0x00007ffd6ceb0000 - 0x00007ffd6cefa000 	C:\WINDOWS\System32\powrprof.dll
0x00007ffd6ce30000 - 0x00007ffd6ce40000 	C:\WINDOWS\System32\UMPDC.dll
0x00007ffd6e570000 - 0x00007ffd6e5c2000 	C:\WINDOWS\System32\shlwapi.dll
0x00007ffd6cf60000 - 0x00007ffd6cf77000 	C:\WINDOWS\System32\cryptsp.dll
0x00007ffd5b2e0000 - 0x00007ffd5b2f9000 	C:\Program Files\Java\jdk-13.0.1\bin\net.dll
0x00007ffd640d0000 - 0x00007ffd641c0000 	C:\WINDOWS\SYSTEM32\WINHTTP.dll
0x00007ffd6c690000 - 0x00007ffd6c6f7000 	C:\WINDOWS\system32\mswsock.dll
0x00007ffd5ae00000 - 0x00007ffd5ae13000 	C:\Program Files\Java\jdk-13.0.1\bin\nio.dll

dbghelp: loaded successfully - version: 4.0.5 - missing functions: none
symbol engine: initialized successfully - sym options: 0x614 - pdb path: .;C:\Program Files\Java\jdk-13.0.1\bin;C:\WINDOWS\SYSTEM32;C:\WINDOWS\WinSxS\amd64_microsoft.windows.common-controls_6595b64144ccf1df_6.0.18362.1016_none_9e7a36bbe461dae4;C:\Program Files\Java\jdk-13.0.1\bin\server

VM Arguments:
jvm_args: -ea -Didea.test.cyclic.buffer.size=1048576 -javaagent:C:\Program Files\JetBrains\IntelliJ IDEA Community Edition 2019.2\lib\idea_rt.jar=64639:C:\Program Files\JetBrains\IntelliJ IDEA Community Edition 2019.2\bin -Dfile.encoding=UTF-8 
java_command: com.intellij.rt.junit.JUnitStarter -ideVersion5 -junit4 ru.job4j.statistica.AnalizeTest,whenItemsAdded
java_class_path (initial): C:\Program Files\JetBrains\IntelliJ IDEA Community Edition 2019.2\lib\idea_rt.jar;C:\Program Files\JetBrains\IntelliJ IDEA Community Edition 2019.2\plugins\junit\lib\junit5-rt.jar;C:\Program Files\JetBrains\IntelliJ IDEA Community Edition 2019.2\plugins\junit\lib\junit-rt.jar;C:\projects\job4j_design\chapter_001\target\test-classes;C:\projects\job4j_design\chapter_001\target\classes;C:\Users\Екатерина\.m2\repository\junit\junit\4.12\junit-4.12.jar;C:\Users\Екатерина\.m2\repository\org\hamcrest\hamcrest-core\1.3\hamcrest-core-1.3.jar
Launcher Type: SUN_STANDARD

[Global flags]
     intx CICompilerCount                          = 4                                         {product} {ergonomic}
     uint ConcGCThreads                            = 2                                         {product} {ergonomic}
     uint G1ConcRefinementThreads                  = 8                                         {product} {ergonomic}
   size_t G1HeapRegionSize                         = 1048576                                   {product} {ergonomic}
    uintx GCDrainStackTargetSize                   = 64                                        {product} {ergonomic}
   size_t InitialHeapSize                          = 134217728                                 {product} {ergonomic}
   size_t MarkStackSize                            = 4194304                                   {product} {ergonomic}
   size_t MaxHeapSize                              = 2124414976                                {product} {ergonomic}
   size_t MaxNewSize                               = 1274019840                                {product} {ergonomic}
   size_t MinHeapDeltaBytes                        = 1048576                                   {product} {ergonomic}
   size_t MinHeapSize                              = 8388608                                   {product} {ergonomic}
    uintx NonNMethodCodeHeapSize                   = 5836300                                {pd product} {ergonomic}
    uintx NonProfiledCodeHeapSize                  = 122910970                              {pd product} {ergonomic}
    uintx ProfiledCodeHeapSize                     = 122910970                              {pd product} {ergonomic}
    uintx ReservedCodeCacheSize                    = 251658240                              {pd product} {ergonomic}
     bool SegmentedCodeCache                       = true                                      {product} {ergonomic}
   size_t SoftMaxHeapSize                          = 2124414976                             {manageable} {ergonomic}
     bool UseCompressedClassPointers               = true                                 {lp64_product} {ergonomic}
     bool UseCompressedOops                        = true                                 {lp64_product} {ergonomic}
     bool UseG1GC                                  = true                                      {product} {ergonomic}
     bool UseLargePagesIndividualAllocation        = false                                  {pd product} {ergonomic}

Logging:
Log output configuration:
 #0: stdout all=warning uptime,level,tags
 #1: stderr all=off uptime,level,tags

Environment Variables:
JAVA_HOME=c:\Program Files\Java\jdk-13.0.1
CLASSPATH=.;
PATH=C:\WINDOWS\system32;C:\WINDOWS;C:\WINDOWS\System32\Wbem;C:\WINDOWS\System32\WindowsPowerShell\v1.0\;C:\WINDOWS\System32\OpenSSH\;C:\Program Files\Git\cmd;c:\Program Files\Java\jdk-13.0.1\bin;c:\Tools\apache-maven-3.6.1\bin;C:\Users\Екатерина\AppData\Local\Programs\Microsoft VS Code\bin;C:\Users\Екатерина\AppData\Local\Microsoft\WindowsApps;C:\Users\Екатерина\AppData\Local\Keybase\;C:\Users\Екатерина\AppData\Local\GitHubDesktop\bin
USERNAME=Екатерина
OS=Windows_NT
PROCESSOR_IDENTIFIER=Intel64 Family 6 Model 142 Stepping 10, GenuineIntel



---------------  S Y S T E M  ---------------

OS: Windows 10 , 64 bit Build 18362 (10.0.18362.959)

CPU:total 8 (initial active 8) (4 cores per cpu, 2 threads per core) family 6 model 142 stepping 10, cmov, cx8, fxsr, mmx, sse, sse2, sse3, ssse3, sse4.1, sse4.2, popcnt, avx, avx2, aes, clmul, erms, 3dnowpref, lzcnt, ht, tsc, tscinvbit, bmi1, bmi2, adx, fma

Memory: 4k page, system-wide physical 8101M (692M free)
TotalPageFile size 32677M (AvailPageFile size 235M)
current process WorkingSet (physical memory assigned to process): 31M, peak: 31M
current process commit charge ("private bytes"): 206M, peak: 206M

vm_info: Java HotSpot(TM) 64-Bit Server VM (13.0.1+9) for windows-amd64 JRE (13.0.1+9), built on Oct  6 2019 12:37:49 by "mach5one" with unknown MS VC++:1916

END.
